This file contains any messages produced by compilers while
running configure, to aid debugging if configure makes a mistake.

It was created by sss configure 0.1, which was
generated by GNU Autoconf 2.68.  Invocation command line was

  $ ./configure 

## --------- ##
## Platform. ##
## --------- ##

hostname = otto.local
uname -m = x86_64
uname -r = 11.3.0
uname -s = Darwin
uname -v = Darwin Kernel Version 11.3.0: Thu Jan 12 18:47:41 PST 2012; root:xnu-1699.24.23~1/RELEASE_X86_64

/usr/bin/uname -p = i386
/bin/uname -X     = unknown

/bin/arch              = unknown
/usr/bin/arch -k       = unknown
/usr/convex/getsysinfo = unknown
/usr/bin/hostinfo      = Mach kernel version:
	 Darwin Kernel Version 11.3.0: Thu Jan 12 18:47:41 PST 2012; root:xnu-1699.24.23~1/RELEASE_X86_64
Kernel configured for up to 2 processors.
2 processors are physically available.
2 processors are logically available.
Processor type: i486 (Intel 80486)
Processors active: 0 1
Primary memory available: 8.00 gigabytes
Default processor set: 120 tasks, 679 threads, 2 processors
Load average: 1.11, Mach factor: 0.88
/bin/machine           = unknown
/usr/bin/oslevel       = unknown
/bin/universe          = unknown

PATH: /opt/local/bin
PATH: /opt/local/sbin
PATH: /usr/local/bin/bin
PATH: /usr/local/bin/sbin
PATH: /Applications/gwt-2.4.0
PATH: /Library/Frameworks/Python.framework/Versions/2.7/bin
PATH: /usr/bin
PATH: /bin
PATH: /usr/sbin
PATH: /sbin
PATH: /usr/local/bin
PATH: /usr/X11/bin
PATH: /usr/texbin
PATH: /Users/furia/Documents/workspace/depot_tools
PATH: /usr/local/mysql/bin/
PATH: /Users/furia/bin
PATH: /usr/local/Trolltech/Qt-4.7.4/bin
PATH: /usr/X11R6/bin


## ----------- ##
## Core tests. ##
## ----------- ##

configure:1808: checking for a BSD-compatible install
configure:1876: result: /usr/local/bin/bin/ginstall -c
configure:1887: checking whether build environment is sane
configure:1937: result: yes
configure:2078: checking for a thread-safe mkdir -p
configure:2117: result: /usr/local/bin/bin/gmkdir -p
configure:2130: checking for gawk
configure:2146: found /usr/local/bin/bin/gawk
configure:2157: result: gawk
configure:2168: checking whether make sets $(MAKE)
configure:2190: result: yes
configure:2322: checking for g++
configure:2338: found /usr/bin/g++
configure:2349: result: g++
configure:2376: checking for C++ compiler version
configure:2385: g++ --version >&5
i686-apple-darwin11-llvm-g++-4.2 (GCC) 4.2.1 (Based on Apple Inc. build 5658) (LLVM build 2335.15.00)
Copyright (C) 2007 Free Software Foundation, Inc.
This is free software; see the source for copying conditions.  There is NO
warranty; not even for MERCHANTABILITY or FITNESS FOR A PARTICULAR PURPOSE.

configure:2396: $? = 0
configure:2385: g++ -v >&5
Using built-in specs.
Target: i686-apple-darwin11
Configured with: /private/var/tmp/llvmgcc42/llvmgcc42-2335.15~25/src/configure --disable-checking --enable-werror --prefix=/Developer/usr/llvm-gcc-4.2 --mandir=/share/man --enable-languages=c,objc,c++,obj-c++ --program-prefix=llvm- --program-transform-name=/^[cg][^.-]*$/s/$/-4.2/ --with-slibdir=/usr/lib --build=i686-apple-darwin11 --enable-llvm=/private/var/tmp/llvmgcc42/llvmgcc42-2335.15~25/dst-llvmCore/Developer/usr/local --program-prefix=i686-apple-darwin11- --host=x86_64-apple-darwin11 --target=i686-apple-darwin11 --with-gxx-include-dir=/usr/include/c++/4.2.1
Thread model: posix
gcc version 4.2.1 (Based on Apple Inc. build 5658) (LLVM build 2335.15.00)
configure:2396: $? = 0
configure:2385: g++ -V >&5
llvm-g++-4.2: argument to `-V' is missing
configure:2396: $? = 1
configure:2385: g++ -qversion >&5
i686-apple-darwin11-llvm-g++-4.2: no input files
configure:2396: $? = 1
configure:2416: checking whether the C++ compiler works
configure:2438: g++    conftest.cpp  >&5
configure:2442: $? = 0
configure:2490: result: yes
configure:2493: checking for C++ compiler default output file name
configure:2495: result: a.out
configure:2501: checking for suffix of executables
configure:2508: g++ -o conftest    conftest.cpp  >&5
configure:2512: $? = 0
configure:2534: result: 
configure:2556: checking whether we are cross compiling
configure:2564: g++ -o conftest    conftest.cpp  >&5
configure:2568: $? = 0
configure:2575: ./conftest
configure:2579: $? = 0
configure:2594: result: no
configure:2599: checking for suffix of object files
configure:2621: g++ -c   conftest.cpp >&5
configure:2625: $? = 0
configure:2646: result: o
configure:2650: checking whether we are using the GNU C++ compiler
configure:2669: g++ -c   conftest.cpp >&5
configure:2669: $? = 0
configure:2678: result: yes
configure:2687: checking whether g++ accepts -g
configure:2707: g++ -c -g  conftest.cpp >&5
configure:2707: $? = 0
configure:2748: result: yes
configure:2782: checking for style of include used by make
configure:2810: result: GNU
configure:2836: checking dependency style of g++
configure:2947: result: gcc3
configure:3132: creating ./config.status

## ---------------------- ##
## Running config.status. ##
## ---------------------- ##

This file was extended by sss config.status 0.1, which was
generated by GNU Autoconf 2.68.  Invocation command line was

  CONFIG_FILES    = 
  CONFIG_HEADERS  = 
  CONFIG_LINKS    = 
  CONFIG_COMMANDS = 
  $ ./config.status 

on otto.local

config.status:782: creating Makefile
config.status:954: executing depfiles commands

## ---------------- ##
## Cache variables. ##
## ---------------- ##

ac_cv_cxx_compiler_gnu=yes
ac_cv_env_CCC_set=
ac_cv_env_CCC_value=
ac_cv_env_CPPFLAGS_set=
ac_cv_env_CPPFLAGS_value=
ac_cv_env_CXXFLAGS_set=
ac_cv_env_CXXFLAGS_value=
ac_cv_env_CXX_set=
ac_cv_env_CXX_value=
ac_cv_env_LDFLAGS_set=
ac_cv_env_LDFLAGS_value=
ac_cv_env_LIBS_set=
ac_cv_env_LIBS_value=
ac_cv_env_build_alias_set=
ac_cv_env_build_alias_value=
ac_cv_env_host_alias_set=
ac_cv_env_host_alias_value=
ac_cv_env_target_alias_set=
ac_cv_env_target_alias_value=
ac_cv_objext=o
ac_cv_path_install='/usr/local/bin/bin/ginstall -c'
ac_cv_path_mkdir=/usr/local/bin/bin/gmkdir
ac_cv_prog_AWK=gawk
ac_cv_prog_ac_ct_CXX=g++
ac_cv_prog_cxx_g=yes
ac_cv_prog_make_make_set=yes
am_cv_CXX_dependencies_compiler_type=gcc3

## ----------------- ##
## Output variables. ##
## ----------------- ##

ACLOCAL='${SHELL} /Users/furia/Documents/workspace/sss/src/sss/missing --run aclocal-1.11'
AMDEPBACKSLASH='\'
AMDEP_FALSE='#'
AMDEP_TRUE=''
AMTAR='$${TAR-tar}'
AM_CXXFLAGS=''
AUTOCONF='${SHELL} /Users/furia/Documents/workspace/sss/src/sss/missing --run autoconf'
AUTOHEADER='${SHELL} /Users/furia/Documents/workspace/sss/src/sss/missing --run autoheader'
AUTOMAKE='${SHELL} /Users/furia/Documents/workspace/sss/src/sss/missing --run automake-1.11'
AWK='gawk'
CPPFLAGS=''
CXX='g++'
CXXDEPMODE='depmode=gcc3'
CXXFLAGS='-g -O2'
CYGPATH_W='echo'
DEFS='-DPACKAGE_NAME=\"sss\" -DPACKAGE_TARNAME=\"sss\" -DPACKAGE_VERSION=\"0.1\" -DPACKAGE_STRING=\"sss\ 0.1\" -DPACKAGE_BUGREPORT=\"brian.bot@sagebase.org\" -DPACKAGE_URL=\"http://www.sagebase.org/\"'
DEPDIR='.deps'
ECHO_C='\c'
ECHO_N=''
ECHO_T=''
EXEEXT=''
INSTALL_DATA='${INSTALL} -m 644'
INSTALL_PROGRAM='${INSTALL}'
INSTALL_SCRIPT='${INSTALL}'
INSTALL_STRIP_PROGRAM='$(install_sh) -c -s'
LDFLAGS=''
LIBOBJS=''
LIBS=''
LTLIBOBJS=''
MAKEINFO='${SHELL} /Users/furia/Documents/workspace/sss/src/sss/missing --run makeinfo'
MKDIR_P='/usr/local/bin/bin/gmkdir -p'
OBJEXT='o'
PACKAGE='sss'
PACKAGE_BUGREPORT='brian.bot@sagebase.org'
PACKAGE_NAME='sss'
PACKAGE_STRING='sss 0.1'
PACKAGE_TARNAME='sss'
PACKAGE_URL='http://www.sagebase.org/'
PACKAGE_VERSION='0.1'
PATH_SEPARATOR=':'
SET_MAKE=''
SHELL='/bin/sh'
STRIP=''
VERSION='0.1'
ac_ct_CXX='g++'
am__EXEEXT_FALSE=''
am__EXEEXT_TRUE='#'
am__fastdepCXX_FALSE='#'
am__fastdepCXX_TRUE=''
am__include='include'
am__isrc=''
am__leading_dot='.'
am__nodep='_no'
am__quote=''
am__tar='$${TAR-tar} chof - "$$tardir"'
am__untar='$${TAR-tar} xf -'
bindir='${exec_prefix}/bin'
build_alias=''
datadir='${datarootdir}'
datarootdir='${prefix}/share'
docdir='${datarootdir}/doc/${PACKAGE_TARNAME}'
dvidir='${docdir}'
exec_prefix='${prefix}'
host_alias=''
htmldir='${docdir}'
includedir='${prefix}/include'
infodir='${datarootdir}/info'
install_sh='${SHELL} /Users/furia/Documents/workspace/sss/src/sss/install-sh'
libdir='${exec_prefix}/lib'
libexecdir='${exec_prefix}/libexec'
localedir='${datarootdir}/locale'
localstatedir='${prefix}/var'
mandir='${datarootdir}/man'
mkdir_p='/usr/local/bin/bin/gmkdir -p'
oldincludedir='/usr/include'
pdfdir='${docdir}'
prefix='/usr/local'
program_transform_name='s,x,x,'
psdir='${docdir}'
sbindir='${exec_prefix}/sbin'
sharedstatedir='${prefix}/com'
sysconfdir='${prefix}/etc'
target_alias=''

## ----------- ##
## confdefs.h. ##
## ----------- ##

/* confdefs.h */
#define PACKAGE_NAME "sss"
#define PACKAGE_TARNAME "sss"
#define PACKAGE_VERSION "0.1"
#define PACKAGE_STRING "sss 0.1"
#define PACKAGE_BUGREPORT "brian.bot@sagebase.org"
#define PACKAGE_URL "http://www.sagebase.org/"

configure: exit 0
